<?xml version="1.0" encoding="UTF-8"?>
<!-- Generated by org.testng.reporters.JUnitXMLReporter -->
<testsuite hostname="CBT-MH-000" name="Test" tests="6" failures="1" timestamp="28 Oct 2019 06:44:19 GMT" time="10.322" errors="0">
  <testcase name="get_Tweet" time="4.197" classname="Twitt_Api.Post_twitter">
    <failure type="java.lang.NullPointerException">
      <![CDATA[java.lang.NullPointerException
	at Twitt_Api.Post_twitter.get_Tweet(Post_twitter.java:46)
... Removed 24 stack frames]]>
    </failure>
  </testcase> <!-- get_Tweet -->
  <testcase name="user_Tweet" time="1.314" classname="Twitt_Api.Username_get_twitter"/>
  <testcase name="Bangweather" time="0.623" classname="Twitt_Api.Bangaloreweather_Twitter"/>
  <testcase name="get_hashtag_Tweet" time="2.766" classname="Twitt_Api.Trending_Hashtag_Twitter"/>
  <testcase name="search_Tweet" time="0.555" classname="Twitt_Api.Searchstatus"/>
  <testcase name="get_Tweet" time="0.661" classname="Twitt_Api.TwitterStatus_enter"/>
</testsuite> <!-- Test -->
