<?xml version="1.0" encoding="UTF-8"?>
<testng-results skipped="0" failed="1" total="2" passed="1">
  <reporter-output>
  </reporter-output>
  <suite name="Default suite" duration-ms="17148" started-at="2019-10-29T05:05:40Z" finished-at="2019-10-29T05:05:58Z">
    <groups>
    </groups>
    <test name="Default test" duration-ms="17148" started-at="2019-10-29T05:05:40Z" finished-at="2019-10-29T05:05:58Z">
      <class name="Automation.PHP_Automation_testscript.Tourpagetest">
        <test-method status="PASS" signature="lanch()[pri:0, instance:Automation.PHP_Automation_testscript.Tourpagetest@3cb5cdba]" name="lanch" is-config="true" duration-ms="90" started-at="2019-10-29T10:35:40Z" finished-at="2019-10-29T10:35:40Z">
          <reporter-output>
          </reporter-output>
        </test-method> <!-- lanch -->
        <test-method status="FAIL" signature="testcase()[pri:0, instance:Automation.PHP_Automation_testscript.Tourpagetest@3cb5cdba]" name="testcase" duration-ms="0" started-at="2019-10-29T10:35:41Z" finished-at="2019-10-29T10:35:41Z">
          <exception class="java.lang.NullPointerException">
            <full-stacktrace>
              <![CDATA[java.lang.NullPointerException
	at Automation.PHP_Automation_testscript.PHP_Tour.testcase(PHP_Tour.java:37)
	at sun.reflect.NativeMethodAccessorImpl.invoke0(Native Method)
	at sun.reflect.NativeMethodAccessorImpl.invoke(Unknown Source)
	at sun.reflect.DelegatingMethodAccessorImpl.invoke(Unknown Source)
	at java.lang.reflect.Method.invoke(Unknown Source)
	at org.testng.internal.MethodInvocationHelper.invokeMethod(MethodInvocationHelper.java:86)
	at org.testng.internal.Invoker.invokeMethod(Invoker.java:645)
	at org.testng.internal.Invoker.invokeTestMethod(Invoker.java:822)
	at org.testng.internal.Invoker.invokeTestMethods(Invoker.java:1130)
	at org.testng.internal.TestMethodWorker.invokeTestMethods(TestMethodWorker.java:129)
	at org.testng.internal.TestMethodWorker.run(TestMethodWorker.java:112)
	at org.testng.TestRunner.privateRun(TestRunner.java:782)
	at org.testng.TestRunner.run(TestRunner.java:632)
	at org.testng.SuiteRunner.runTest(SuiteRunner.java:366)
	at org.testng.SuiteRunner.runSequentially(SuiteRunner.java:361)
	at org.testng.SuiteRunner.privateRun(SuiteRunner.java:319)
	at org.testng.SuiteRunner.run(SuiteRunner.java:268)
	at org.testng.SuiteRunnerWorker.runSuite(SuiteRunnerWorker.java:52)
	at org.testng.SuiteRunnerWorker.run(SuiteRunnerWorker.java:86)
	at org.testng.TestNG.runSuitesSequentially(TestNG.java:1244)
	at org.testng.TestNG.runSuitesLocally(TestNG.java:1169)
	at org.testng.TestNG.run(TestNG.java:1064)
	at org.testng.remote.RemoteTestNG.run(RemoteTestNG.java:113)
	at org.testng.remote.RemoteTestNG.initAndRun(RemoteTestNG.java:206)
	at org.testng.remote.RemoteTestNG.main(RemoteTestNG.java:177)
]]>
            </full-stacktrace>
          </exception> <!-- java.lang.NullPointerException -->
          <reporter-output>
          </reporter-output>
        </test-method> <!-- testcase -->
        <test-method status="PASS" signature="testcase5()[pri:0, instance:Automation.PHP_Automation_testscript.Tourpagetest@3cb5cdba]" name="testcase5" duration-ms="17001" started-at="2019-10-29T10:35:41Z" finished-at="2019-10-29T10:35:58Z">
          <reporter-output>
          </reporter-output>
        </test-method> <!-- testcase5 -->
      </class> <!-- Automation.PHP_Automation_testscript.Tourpagetest -->
    </test> <!-- Default test -->
  </suite> <!-- Default suite -->
</testng-results>
